<?xml version="1.0" encoding="UTF-8"?>
<!-- Generated by org.testng.reporters.JUnitReportReporter -->
<testsuite skipped="0" hostname="PruthviRaj" name="ListOfIntegers" tests="1" failures="0" timestamp="2022-12-05T15:05:03 MST" time="0.012" errors="0">
  <testcase name="listOfInt" time="0.012" classname="ListOfIntegers"/>
  <system-out/>
</testsuite> <!-- ListOfIntegers -->
